0 info it worked if it ends with ok
1 verbose cli [ 'node', '/Users/rafaelchiti/.nvm/v0.10.35/bin/npm', 'start' ]
2 info using npm@2.9.1
3 info using node@v0.10.35
4 verbose run-script [ 'prestart', 'start', 'poststart' ]
5 info prestart mix_and_match@1.0.0
6 info start mix_and_match@1.0.0
7 verbose unsafe-perm in lifecycle true
8 info mix_and_match@1.0.0 Failed to exec start script
9 verbose stack Error: mix_and_match@1.0.0 start: `webpack --watch`
9 verbose stack Exit status 8
9 verbose stack     at EventEmitter.<anonymous> (/Users/rafaelchiti/.nvm/v0.10.35/lib/node_modules/npm/lib/utils/lifecycle.js:213:16)
9 verbose stack     at EventEmitter.emit (events.js:98:17)
9 verbose stack     at ChildProcess.<anonymous> (/Users/rafaelchiti/.nvm/v0.10.35/lib/node_modules/npm/lib/utils/spawn.js:24:14)
9 verbose stack     at ChildProcess.emit (events.js:98:17)
9 verbose stack     at maybeClose (child_process.js:766:16)
9 verbose stack     at Process.ChildProcess._handle.onexit (child_process.js:833:5)
10 verbose pkgid mix_and_match@1.0.0
11 verbose cwd /Users/rafaelchiti/Documents/Code/fosforo
12 error Darwin 14.4.0
13 error argv "node" "/Users/rafaelchiti/.nvm/v0.10.35/bin/npm" "start"
14 error node v0.10.35
15 error npm  v2.9.1
16 error code ELIFECYCLE
17 error mix_and_match@1.0.0 start: `webpack --watch`
17 error Exit status 8
18 error Failed at the mix_and_match@1.0.0 start script 'webpack --watch'.
18 error This is most likely a problem with the mix_and_match package,
18 error not with npm itself.
18 error Tell the author that this fails on your system:
18 error     webpack --watch
18 error You can get their info via:
18 error     npm owner ls mix_and_match
18 error There is likely additional logging output above.
19 verbose exit [ 1, true ]
